<?xml version="1.0" encoding="UTF-8"?>
<testng-results skipped="0" failed="0" ignored="0" total="1" passed="1">
  <reporter-output>
  </reporter-output>
  <suite name="Default suite" duration-ms="159" started-at="2019-07-13T09:41:29Z" finished-at="2019-07-13T09:41:29Z">
    <groups>
    </groups>
    <test name="Default test" duration-ms="159" started-at="2019-07-13T09:41:29Z" finished-at="2019-07-13T09:41:29Z">
      <class name="testng.ThirdTest">
        <test-method status="PASS" signature="f1()[pri:0, instance:testng.ThirdTest@5bb21b69]" name="f1" duration-ms="42" started-at="2019-07-13T09:41:29Z" finished-at="2019-07-13T09:41:29Z">
          <reporter-output>
          </reporter-output>
        </test-method> <!-- f1 -->
      </class> <!-- testng.ThirdTest -->
    </test> <!-- Default test -->
  </suite> <!-- Default suite -->
</testng-results>
